<?xml version="1.0" encoding="UTF-8"?>
<!-- Generated by org.testng.reporters.JUnitXMLReporter -->
<testsuite ignored="0" hostname="DHIRAJ" failures="0" tests="4" name="Test" time="7.145" errors="0" timestamp="2024-09-14T12:04:01 IST">
  <testcase classname="TestNG.Example2" name="facebook" time="4.192"/>
  <testcase classname="TestNG.Example2" name="flipkart" time="2.904"/>
  <testcase classname="TestNG.Example1" name="Testcase" time="0.002"/>
  <testcase classname="TestNG.Example1" name="Testcase1" time="0.001"/>
</testsuite> <!-- Test -->
